<?xml version="1.0" encoding="UTF-8"?>
<testsuites>
  <testsuite name="Splash Screens Android" timestamp="2024-07-29T11:09:50" time="26.545" tests="3" failures="1" errors="1" skipped="0">
    <properties>
      <property name="specId" value="0"/>
      <property name="featureName" value="Splash Screens - Android"/>
      <property name="capabilities" value="emulator-5556.android.13.app-debug_ipsa_sm_24-07-24_apk"/>
      <property name="featureFile" value="./features/mobile/01_login.feature"/>
    </properties>
    <testcase classname="CucumberJUnitReport-emulator-5556.android.13.app-debug_ipsa_sm_24-07-24_apk.Splash Screens Android" name="Skip Splash" time="9.288">
      <system-out><![CDATA[
✅ Given the mobile application is started for the first time✅ When user press the "Saltar" button✅ Then the user is sent to third splash✅ And the position indicator "3 points" must change to the last location✅ When user press the "Continuar" button✅ Then the important information screens are skipped and the user sent to splash_end screen with the "Registrate", "Hazte inversionista" and "Iniciar sesion" buttons is displayed
]]></system-out>
    </testcase>
    <testcase classname="CucumberJUnitReport-emulator-5556.android.13.app-debug_ipsa_sm_24-07-24_apk.Splash Screens Android" name="Time is over Splash" time="14.742">
      <system-out><![CDATA[
✅ Given the mobile application is started for the first time✅ When the 10 seconds of the display are over✅ Then the screen change to the next and repeat the cycle until reaching the last splash screen✅ And the position indicator "3 points" must change to the exact location of the user in relation to the screen that is positioned
]]></system-out>
    </testcase>
    <testcase classname="CucumberJUnitReport-emulator-5556.android.13.app-debug_ipsa_sm_24-07-24_apk.Splash Screens Android" name="Swipe splash" time="2.467">
      <failure/>
      <error message="Error: Expect  to be existing"/>
      <system-out><![CDATA[
❗ Given the mobile application is started for the first time⚠️ When user swipe the creen to left or right
⚠️ Then the screen change to the next
⚠️ And the position indicator "3 points" must change to the exact location of the user in relation to the screen that is positioned
]]></system-out>
      <system-err><![CDATA[
Error: Expect  to be existing

Expected: "existing"
Received: "not existing"
    at LoginPage.verifySplashEndScreen (/Users/oriontek/Documents/IPSA-Android/app-ipsa-webdriverio-android/pages/mobile/splashPage.ts:82:29)
    at World.<anonymous> (/Users/oriontek/Documents/IPSA-Android/app-ipsa-webdriverio-android/stepDefinitions/mobile/splashStep.ts:28:22)
    at World.executeAsync (/Users/oriontek/Documents/IPSA-Android/app-ipsa-webdriverio-android/node_modules/@wdio/utils/build/shim.js:333:27)
    at World.testFrameworkFnWrapper (/Users/oriontek/Documents/IPSA-Android/app-ipsa-webdriverio-android/node_modules/@wdio/utils/build/test-framework/testFnWrapper.js:51:32)
    at processTicksAndRejections (node:internal/process/task_queues:96:5)
    at async wrapPromiseWithTimeout (/Users/oriontek/Documents/IPSA-Android/app-ipsa-webdriverio-android/node_modules/@cucumber/cucumber/src/time.ts:72:10)
    at async Object.run (/Users/oriontek/Documents/IPSA-Android/app-ipsa-webdriverio-android/node_modules/@cucumber/cucumber/src/user_code_runner.ts:86:16)
    at async Object.run (/Users/oriontek/Documents/IPSA-Android/app-ipsa-webdriverio-android/node_modules/@cucumber/cucumber/src/runtime/step_runner.ts:50:20)
    at async TestCaseRunner.invokeStep (/Users/oriontek/Documents/IPSA-Android/app-ipsa-webdriverio-android/node_modules/@cucumber/cucumber/src/runtime/test_case_runner.ts:130:12)
    at async TestCaseRunner.runStep (/Users/oriontek/Documents/IPSA-Android/app-ipsa-webdriverio-android/node_modules/@cucumber/cucumber/src/runtime/test_case_runner.ts:312:20)
]]></system-err>
    </testcase>
  </testsuite>
</testsuites>